Symlinking /sharedVol/docker/sharedVol/aec/ros/robotics_system_js/catkin_ws_rosbridge/devel/./cmake.lock
Symlinking /sharedVol/docker/sharedVol/aec/ros/robotics_system_js/catkin_ws_rosbridge/devel/./env.sh
Symlinking /sharedVol/docker/sharedVol/aec/ros/robotics_system_js/catkin_ws_rosbridge/devel/./local_setup.bash
Symlinking /sharedVol/docker/sharedVol/aec/ros/robotics_system_js/catkin_ws_rosbridge/devel/./local_setup.sh
Symlinking /sharedVol/docker/sharedVol/aec/ros/robotics_system_js/catkin_ws_rosbridge/devel/./local_setup.zsh
Symlinking /sharedVol/docker/sharedVol/aec/ros/robotics_system_js/catkin_ws_rosbridge/devel/./setup.bash
Symlinking /sharedVol/docker/sharedVol/aec/ros/robotics_system_js/catkin_ws_rosbridge/devel/./setup.sh
Symlinking /sharedVol/docker/sharedVol/aec/ros/robotics_system_js/catkin_ws_rosbridge/devel/./setup.zsh
Symlinking /sharedVol/docker/sharedVol/aec/ros/robotics_system_js/catkin_ws_rosbridge/devel/./_setup_util.py
Symlinking /sharedVol/docker/sharedVol/aec/ros/robotics_system_js/catkin_ws_rosbridge/devel/lib/pkgconfig/catkin_tools_prebuild.pc
Symlinking /sharedVol/docker/sharedVol/aec/ros/robotics_system_js/catkin_ws_rosbridge/devel/share/catkin_tools_prebuild/cmake/catkin_tools_prebuildConfig-version.cmake
Symlinking /sharedVol/docker/sharedVol/aec/ros/robotics_system_js/catkin_ws_rosbridge/devel/share/catkin_tools_prebuild/cmake/catkin_tools_prebuildConfig.cmake
Cleaning: (/sharedVol/docker/sharedVol/aec/ros/catkin_ws_rosbridge/devel/.private/catkin_tools_prebuild/cmake.lock, /sharedVol/docker/sharedVol/aec/ros/catkin_ws_rosbridge/devel/./cmake.lock)
Cleaning: (/sharedVol/docker/sharedVol/aec/ros/catkin_ws_rosbridge/devel/.private/catkin_tools_prebuild/env.sh, /sharedVol/docker/sharedVol/aec/ros/catkin_ws_rosbridge/devel/./env.sh)
Cleaning: (/sharedVol/docker/sharedVol/aec/ros/catkin_ws_rosbridge/devel/.private/catkin_tools_prebuild/local_setup.bash, /sharedVol/docker/sharedVol/aec/ros/catkin_ws_rosbridge/devel/./local_setup.bash)
Cleaning: (/sharedVol/docker/sharedVol/aec/ros/catkin_ws_rosbridge/devel/.private/catkin_tools_prebuild/local_setup.sh, /sharedVol/docker/sharedVol/aec/ros/catkin_ws_rosbridge/devel/./local_setup.sh)
Cleaning: (/sharedVol/docker/sharedVol/aec/ros/catkin_ws_rosbridge/devel/.private/catkin_tools_prebuild/local_setup.zsh, /sharedVol/docker/sharedVol/aec/ros/catkin_ws_rosbridge/devel/./local_setup.zsh)
Cleaning: (/sharedVol/docker/sharedVol/aec/ros/catkin_ws_rosbridge/devel/.private/catkin_tools_prebuild/setup.bash, /sharedVol/docker/sharedVol/aec/ros/catkin_ws_rosbridge/devel/./setup.bash)
Cleaning: (/sharedVol/docker/sharedVol/aec/ros/catkin_ws_rosbridge/devel/.private/catkin_tools_prebuild/setup.sh, /sharedVol/docker/sharedVol/aec/ros/catkin_ws_rosbridge/devel/./setup.sh)
Cleaning: (/sharedVol/docker/sharedVol/aec/ros/catkin_ws_rosbridge/devel/.private/catkin_tools_prebuild/setup.zsh, /sharedVol/docker/sharedVol/aec/ros/catkin_ws_rosbridge/devel/./setup.zsh)
Cleaning: (/sharedVol/docker/sharedVol/aec/ros/catkin_ws_rosbridge/devel/.private/catkin_tools_prebuild/_setup_util.py, /sharedVol/docker/sharedVol/aec/ros/catkin_ws_rosbridge/devel/./_setup_util.py)
Cleaning: (/sharedVol/docker/sharedVol/aec/ros/catkin_ws_rosbridge/devel/.private/catkin_tools_prebuild/lib/pkgconfig/catkin_tools_prebuild.pc, /sharedVol/docker/sharedVol/aec/ros/catkin_ws_rosbridge/devel/lib/pkgconfig/catkin_tools_prebuild.pc)
Cleaning: (/sharedVol/docker/sharedVol/aec/ros/catkin_ws_rosbridge/devel/.private/catkin_tools_prebuild/share/catkin_tools_prebuild/cmake/catkin_tools_prebuildConfig-version.cmake, /sharedVol/docker/sharedVol/aec/ros/catkin_ws_rosbridge/devel/share/catkin_tools_prebuild/cmake/catkin_tools_prebuildConfig-version.cmake)
Cleaning: (/sharedVol/docker/sharedVol/aec/ros/catkin_ws_rosbridge/devel/.private/catkin_tools_prebuild/share/catkin_tools_prebuild/cmake/catkin_tools_prebuildConfig.cmake, /sharedVol/docker/sharedVol/aec/ros/catkin_ws_rosbridge/devel/share/catkin_tools_prebuild/cmake/catkin_tools_prebuildConfig.cmake)
Unlinking: /sharedVol/docker/sharedVol/aec/ros/catkin_ws_rosbridge/devel/./env.sh
Unlinking: /sharedVol/docker/sharedVol/aec/ros/catkin_ws_rosbridge/devel/./local_setup.bash
Unlinking: /sharedVol/docker/sharedVol/aec/ros/catkin_ws_rosbridge/devel/./local_setup.sh
Unlinking: /sharedVol/docker/sharedVol/aec/ros/catkin_ws_rosbridge/devel/./local_setup.zsh
Unlinking: /sharedVol/docker/sharedVol/aec/ros/catkin_ws_rosbridge/devel/./setup.bash
Unlinking: /sharedVol/docker/sharedVol/aec/ros/catkin_ws_rosbridge/devel/./setup.sh
Unlinking: /sharedVol/docker/sharedVol/aec/ros/catkin_ws_rosbridge/devel/./setup.zsh
Unlinking: /sharedVol/docker/sharedVol/aec/ros/catkin_ws_rosbridge/devel/./_setup_util.py
Unlinking: /sharedVol/docker/sharedVol/aec/ros/catkin_ws_rosbridge/devel/lib/pkgconfig/catkin_tools_prebuild.pc
Unlinking: /sharedVol/docker/sharedVol/aec/ros/catkin_ws_rosbridge/devel/share/catkin_tools_prebuild/cmake/catkin_tools_prebuildConfig-version.cmake
Unlinking: /sharedVol/docker/sharedVol/aec/ros/catkin_ws_rosbridge/devel/share/catkin_tools_prebuild/cmake/catkin_tools_prebuildConfig.cmake
